#
# There is insufficient memory for the Java Runtime Environment to continue.
# Native memory allocation (mmap) failed to map 524288000 bytes for G1 virtual space
# Possible reasons:
#   The system is out of physical RAM or swap space
#   The process is running with CompressedOops enabled, and the Java Heap may be blocking the growth of the native heap
# Possible solutions:
#   Reduce memory load on the system
#   Increase physical memory or swap space
#   Check if swap backing store is full
#   Decrease Java heap size (-Xmx/-Xms)
#   Decrease number of Java threads
#   Decrease Java thread stack sizes (-Xss)
#   Set larger code cache with -XX:ReservedCodeCacheSize=
#   JVM is running with Zero Based Compressed Oops mode in which the Java heap is
#     placed in the first 32GB address space. The Java Heap base address is the
#     maximum limit for the native heap growth. Please use -XX:HeapBaseMinAddress
#     to set the Java Heap base and to place the Java Heap above 32GB virtual address.
# This output file may be truncated or incomplete.
#
#  Out of Memory Error (os_windows.cpp:3825), pid=164504, tid=166208
#
# JRE version:  (17.0.10+1) (build )
# Java VM: OpenJDK 64-Bit Server VM (17.0.10+1-b1087.17, mixed mode, sharing, tiered, compressed oops, compressed class ptrs, g1 gc, windows-amd64)
# No core dump will be written. Minidumps are not enabled by default on client versions of Windows
#

---------------  S U M M A R Y ------------

Command Line: externalApp.nativessh.NativeSshAskPassApp Enter passphrase for key '/c/Users/Kiril/.ssh/id_rsa': 

Host: AMD Ryzen 7 7800X3D 8-Core Processor           , 16 cores, 31G,  Windows 11 , 64 bit Build 22621 (10.0.22621.3235)
Time: Wed Apr 10 20:42:45 2024 Central Europe Daylight Time elapsed time: 0.045807 seconds (0d 0h 0m 0s)

---------------  T H R E A D  ---------------

Current thread (0x00000164aba9a600):  JavaThread "Unknown thread" [_thread_in_vm, id=166208, stack(0x0000001a9bd00000,0x0000001a9be00000)]

Stack: [0x0000001a9bd00000,0x0000001a9be00000]
Native frames: (J=compiled Java code, j=interpreted, Vv=VM code, C=native code)
V  [jvm.dll+0x688ac9]
V  [jvm.dll+0x84220a]
V  [jvm.dll+0x843e4e]
V  [jvm.dll+0x8444b3]
V  [jvm.dll+0x24ba8f]
V  [jvm.dll+0x685899]
V  [jvm.dll+0x67a14a]
V  [jvm.dll+0x30c7eb]
V  [jvm.dll+0x313c96]
V  [jvm.dll+0x363a2e]
V  [jvm.dll+0x363c5f]
V  [jvm.dll+0x2e25b8]
V  [jvm.dll+0x2e3524]
V  [jvm.dll+0x812d71]
V  [jvm.dll+0x3718e1]
V  [jvm.dll+0x7f18d6]
V  [jvm.dll+0x3f553f]
V  [jvm.dll+0x3f7171]
C  [jli.dll+0x528f]
C  [ucrtbase.dll+0x29363]
C  [KERNEL32.DLL+0x1257d]
C  [ntdll.dll+0x5aa58]


---------------  P R O C E S S  ---------------

Threads class SMR info:
_java_thread_list=0x00007fff33a1ef58, length=0, elements={
}

Java Threads: ( => current thread )

Other Threads:
  0x00000164abb44a80 GCTaskThread "GC Thread#0" [stack: 0x0000001a9be00000,0x0000001a9bf00000] [id=159972]
  0x00000164d13b7d60 ConcurrentGCThread "G1 Main Marker" [stack: 0x0000001a9bf00000,0x0000001a9c000000] [id=153492]
  0x00000164abb4d670 ConcurrentGCThread "G1 Conc#0" [stack: 0x0000001a9c000000,0x0000001a9c100000] [id=155084]

[error occurred during error reporting (printing all threads), id 0xc0000005, EXCEPTION_ACCESS_VIOLATION (0xc0000005) at pc=0x00007fff331d3187]

VM state: not at safepoint (not fully initialized)

VM Mutex/Monitor currently owned by a thread:  ([mutex/lock_event])
[0x00000164aba93f20] Heap_lock - owner thread: 0x00000164aba9a600

Heap address: 0x000000060d000000, size: 7984 MB, Compressed Oops mode: Zero based, Oop shift amount: 3

CDS archive(s) mapped at: [0x0000000000000000-0x0000000000000000-0x0000000000000000), size 0, SharedBaseAddress: 0x0000000800000000, ArchiveRelocationMode: 1.
Narrow klass base: 0x0000000000000000, Narrow klass shift: 0, Narrow klass range: 0x0

GC Precious Log:
<Empty>

Heap:
 garbage-first heap   total 0K, used 0K [0x000000060d000000, 0x0000000800000000)
  region size 4096K, 0 young (0K), 0 survivors (0K)
 Metaspace       used 0K, committed 0K, reserved 0K
  class space    used 0K, committed 0K, reserved 0K

Heap Regions: E=young(eden), S=young(survivor), O=old, HS=humongous(starts), HC=humongous(continues), CS=collection set, F=free, OA=open archive, CA=closed archive, TAMS=top-at-mark-start (previous, next)

Card table byte_map: [0x00000164bfa30000,0x00000164c09d0000] _byte_map_base: 0x00000164bc9c8000

Marking Bits (Prev, Next): (CMBitMap*) 0x00000164abb450a0, (CMBitMap*) 0x00000164abb450e0
 Prev Bits: [0x00000164c1970000, 0x00000164c9630000)
 Next Bits: [0x00000164c9630000, 0x00000164d12f0000)

GC Heap History (0 events):
No events

Dll operation events (1 events):
Event: 0.004 Loaded shared library C:\Program Files\JetBrains\IntelliJ IDEA 2023.3.4\jbr\bin\java.dll

Deoptimization events (0 events):
No events

Classes unloaded (0 events):
No events

Classes redefined (0 events):
No events

Internal exceptions (0 events):
No events

VM Operations (0 events):
No events

Events (0 events):
No events


Dynamic libraries:
0x00007ff6e26d0000 - 0x00007ff6e26da000 	C:\Program Files\JetBrains\IntelliJ IDEA 2023.3.4\jbr\bin\java.exe
0x00007fff7add0000 - 0x00007fff7afe6000 	C:\Windows\SYSTEM32\ntdll.dll
0x00007fff7a970000 - 0x00007fff7aa34000 	C:\Windows\System32\KERNEL32.DLL
0x00007fff781b0000 - 0x00007fff78556000 	C:\Windows\System32\KERNELBASE.dll
0x00007fff78910000 - 0x00007fff78a21000 	C:\Windows\System32\ucrtbase.dll
0x00007fff612c0000 - 0x00007fff612db000 	C:\Program Files\JetBrains\IntelliJ IDEA 2023.3.4\jbr\bin\VCRUNTIME140.dll
0x00007fff662c0000 - 0x00007fff662d7000 	C:\Program Files\JetBrains\IntelliJ IDEA 2023.3.4\jbr\bin\jli.dll
0x00007fff7a7c0000 - 0x00007fff7a96d000 	C:\Windows\System32\USER32.dll
0x00007fff786f0000 - 0x00007fff78716000 	C:\Windows\System32\win32u.dll
0x00007fff7aa40000 - 0x00007fff7aa69000 	C:\Windows\System32\GDI32.dll
0x00007fff6e8b0000 - 0x00007fff6eb43000 	C:\Windows\WinSxS\amd64_microsoft.windows.common-controls_6595b64144ccf1df_6.0.22621.3235_none_270f74e173860f98\COMCTL32.dll
0x00007fff785d0000 - 0x00007fff786e8000 	C:\Windows\System32\gdi32full.dll
0x00007fff78110000 - 0x00007fff781aa000 	C:\Windows\System32\msvcp_win.dll
0x00007fff79190000 - 0x00007fff79237000 	C:\Windows\System32\msvcrt.dll
0x00007fff7aaf0000 - 0x00007fff7ab21000 	C:\Windows\System32\IMM32.DLL
0x00007fff75f30000 - 0x00007fff75f3c000 	C:\Program Files\JetBrains\IntelliJ IDEA 2023.3.4\jbr\bin\vcruntime140_1.dll
0x00007fff3abb0000 - 0x00007fff3ac3d000 	C:\Program Files\JetBrains\IntelliJ IDEA 2023.3.4\jbr\bin\msvcp140.dll
0x00007fff32ee0000 - 0x00007fff33b63000 	C:\Program Files\JetBrains\IntelliJ IDEA 2023.3.4\jbr\bin\server\jvm.dll
0x00007fff7aba0000 - 0x00007fff7ac52000 	C:\Windows\System32\ADVAPI32.dll
0x00007fff79ce0000 - 0x00007fff79d88000 	C:\Windows\System32\sechost.dll
0x00007fff78af0000 - 0x00007fff78b18000 	C:\Windows\System32\bcrypt.dll
0x00007fff79bc0000 - 0x00007fff79cd5000 	C:\Windows\System32\RPCRT4.dll
0x00007fff6ef50000 - 0x00007fff6ef59000 	C:\Windows\SYSTEM32\WSOCK32.dll
0x00007fff76fa0000 - 0x00007fff76fed000 	C:\Windows\SYSTEM32\POWRPROF.dll
0x00007fff67110000 - 0x00007fff67144000 	C:\Windows\SYSTEM32\WINMM.dll
0x00007fff7aa70000 - 0x00007fff7aae1000 	C:\Windows\System32\WS2_32.dll
0x00007fff72fb0000 - 0x00007fff72fba000 	C:\Windows\SYSTEM32\VERSION.dll
0x00007fff76f80000 - 0x00007fff76f93000 	C:\Windows\SYSTEM32\UMPDC.dll
0x00007fff77240000 - 0x00007fff77258000 	C:\Windows\SYSTEM32\kernel.appcore.dll
0x00007fff75f10000 - 0x00007fff75f1a000 	C:\Program Files\JetBrains\IntelliJ IDEA 2023.3.4\jbr\bin\jimage.dll
0x00007fff75990000 - 0x00007fff75bc3000 	C:\Windows\SYSTEM32\DBGHELP.DLL
0x00007fff78e00000 - 0x00007fff79188000 	C:\Windows\System32\combase.dll
0x00007fff78c80000 - 0x00007fff78d57000 	C:\Windows\System32\OLEAUT32.dll
0x00007fff668b0000 - 0x00007fff668e2000 	C:\Windows\SYSTEM32\dbgcore.DLL
0x00007fff78720000 - 0x00007fff7879a000 	C:\Windows\System32\bcryptPrimitives.dll
0x00007fff66880000 - 0x00007fff668a5000 	C:\Program Files\JetBrains\IntelliJ IDEA 2023.3.4\jbr\bin\java.dll

dbghelp: loaded successfully - version: 4.0.5 - missing functions: none
symbol engine: initialized successfully - sym options: 0x614 - pdb path: .;C:\Program Files\JetBrains\IntelliJ IDEA 2023.3.4\jbr\bin;C:\Windows\SYSTEM32;C:\Windows\WinSxS\amd64_microsoft.windows.common-controls_6595b64144ccf1df_6.0.22621.3235_none_270f74e173860f98;C:\Program Files\JetBrains\IntelliJ IDEA 2023.3.4\jbr\bin\server

VM Arguments:
java_command: externalApp.nativessh.NativeSshAskPassApp Enter passphrase for key '/c/Users/Kiril/.ssh/id_rsa': 
java_class_path (initial): C:/Program Files/JetBrains/IntelliJ IDEA 2023.3.4/lib/externalProcess-rt.jar
Launcher Type: SUN_STANDARD

[Global flags]
     intx CICompilerCount                          = 12                                        {product} {ergonomic}
     uint ConcGCThreads                            = 3                                         {product} {ergonomic}
     uint G1ConcRefinementThreads                  = 13                                        {product} {ergonomic}
   size_t G1HeapRegionSize                         = 4194304                                   {product} {ergonomic}
    uintx GCDrainStackTargetSize                   = 64                                        {product} {ergonomic}
   size_t InitialHeapSize                          = 524288000                                 {product} {ergonomic}
   size_t MarkStackSize                            = 4194304                                   {product} {ergonomic}
   size_t MaxHeapSize                              = 8371830784                                {product} {ergonomic}
   size_t MinHeapDeltaBytes                        = 4194304                                   {product} {ergonomic}
   size_t MinHeapSize                              = 8388608                                   {product} {ergonomic}
    uintx NonNMethodCodeHeapSize                   = 7602480                                {pd product} {ergonomic}
    uintx NonProfiledCodeHeapSize                  = 122027880                              {pd product} {ergonomic}
    uintx ProfiledCodeHeapSize                     = 122027880                              {pd product} {ergonomic}
    uintx ReservedCodeCacheSize                    = 251658240                              {pd product} {ergonomic}
     bool SegmentedCodeCache                       = true                                      {product} {ergonomic}
   size_t SoftMaxHeapSize                          = 8371830784                             {manageable} {ergonomic}
     bool UseCompressedClassPointers               = true                           {product lp64_product} {ergonomic}
     bool UseCompressedOops                        = true                           {product lp64_product} {ergonomic}
     bool UseG1GC                                  = true                                      {product} {ergonomic}
     bool UseLargePagesIndividualAllocation        = false                                  {pd product} {ergonomic}

Logging:
Log output configuration:
 #0: stdout all=warning uptime,level,tags
 #1: stderr all=off uptime,level,tags

Environment Variables:
PATH=C:\Program Files\Git\mingw64\libexec\git-core;C:\Program Files\Git\mingw64\bin;C:\Program Files\Git\usr\bin;C:\Users\Kiril\bin;C:\Windows\system32;C:\Windows;C:\Windows\System32\Wbem;C:\Windows\System32\WindowsPowerShell\v1.0;C:\Windows\System32\OpenSSH;C:\Program Files\NVIDIA Corporation\NVIDIA NvDLISR;C:\Program Files (x86)\NVIDIA Corporation\PhysX\Common;C:\Program Files\Git\cmd;C:\Users\Kiril\AppData\Local\Microsoft\WindowsApps
USERNAME=Kiril
DISPLAY=:0.0
LC_ALL=en_US.UTF-8
TERM=xterm-256color
TMPDIR=C:\Users\Kiril\AppData\Local\Temp
OS=Windows_NT
PROCESSOR_IDENTIFIER=AMD64 Family 25 Model 97 Stepping 2, AuthenticAMD
TMP=C:\Users\Kiril\AppData\Local\Temp
TEMP=C:\Users\Kiril\AppData\Local\Temp



Periodic native trim disabled

JNI global refs:
JNI global refs: 0, weak refs: 0

JNI global refs memory usage: 0, weak refs: 0

OOME stack traces (most recent first):
Classloader memory used:


---------------  S Y S T E M  ---------------

OS:
 Windows 11 , 64 bit Build 22621 (10.0.22621.3235)
OS uptime: 27 days 15:05 hours

CPU: total 16 (initial active 16) (16 cores per cpu, 2 threads per core) family 25 model 97 stepping 2 microcode 0x0, cx8, cmov, fxsr, ht, mmx, 3dnowpref, sse, sse2, sse3, ssse3, sse4a, sse4.1, sse4.2, popcnt, lzcnt, tsc, tscinvbit, avx, avx2, aes, erms, clmul, bmi1, bmi2, adx, avx512f, avx512dq, avx512cd, avx512bw, avx512vl, sha, fma, vzeroupper, avx512_vpopcntdq, avx512_vpclmulqdq, avx512_vaes, avx512_vnni, clflush, clflushopt, avx512_vbmi2, avx512_vbmi
Processor Information for all 16 processors :
  Max Mhz: 4201, Current Mhz: 4201, Mhz Limit: 4201

Memory: 4k page, system-wide physical 31931M (5617M free)
TotalPageFile size 50853M (AvailPageFile size 38M)
current process WorkingSet (physical memory assigned to process): 12M, peak: 12M
current process commit charge ("private bytes"): 71M, peak: 571M

vm_info: OpenJDK 64-Bit Server VM (17.0.10+1-b1087.17) for windows-amd64 JRE (17.0.10+1-b1087.17), built on 2024-01-19 by "builduser" with MS VC++ 16.10 / 16.11 (VS2019)

END.
